e:\2sem\оаип\второй сем\hashtables\hashtables\x64\debug\vc143.pdb
e:\2sem\оаип\второй сем\hashtables\hashtables\x64\debug\vc143.idb
e:\2sem\оаип\второй сем\hashtables\hashtables\x64\debug\source.obj
e:\2sem\оаип\второй сем\hashtables\hashtables\x64\debug\hash.obj
e:\2sem\оаип\второй сем\hashtables\hashtables\x64\debug\hashtables.ilk
e:\2sem\оаип\второй сем\hashtables\x64\debug\hashtables.pdb
e:\2sem\оаип\второй сем\hashtables\hashtables\x64\debug\hashtables.tlog\cl.command.1.tlog
e:\2sem\оаип\второй сем\hashtables\hashtables\x64\debug\hashtables.tlog\cl.items.tlog
e:\2sem\оаип\второй сем\hashtables\hashtables\x64\debug\hashtables.tlog\cl.read.1.tlog
e:\2sem\оаип\второй сем\hashtables\hashtables\x64\debug\hashtables.tlog\cl.write.1.tlog
e:\2sem\оаип\второй сем\hashtables\hashtables\x64\debug\hashtables.tlog\link-cvtres.read.1.tlog
e:\2sem\оаип\второй сем\hashtables\hashtables\x64\debug\hashtables.tlog\link-cvtres.write.1.tlog
e:\2sem\оаип\второй сем\hashtables\hashtables\x64\debug\hashtables.tlog\link-rc.read.1.tlog
e:\2sem\оаип\второй сем\hashtables\hashtables\x64\debug\hashtables.tlog\link-rc.write.1.tlog
e:\2sem\оаип\второй сем\hashtables\hashtables\x64\debug\hashtables.tlog\link.16212-cvtres.read.1.tlog
e:\2sem\оаип\второй сем\hashtables\hashtables\x64\debug\hashtables.tlog\link.16212-cvtres.write.1.tlog
e:\2sem\оаип\второй сем\hashtables\hashtables\x64\debug\hashtables.tlog\link.16212-rc.read.1.tlog
e:\2sem\оаип\второй сем\hashtables\hashtables\x64\debug\hashtables.tlog\link.16212-rc.write.1.tlog
e:\2sem\оаип\второй сем\hashtables\hashtables\x64\debug\hashtables.tlog\link.16212.read.1.tlog
e:\2sem\оаип\второй сем\hashtables\hashtables\x64\debug\hashtables.tlog\link.16212.read.2.tlog
e:\2sem\оаип\второй сем\hashtables\hashtables\x64\debug\hashtables.tlog\link.16212.write.1.tlog
e:\2sem\оаип\второй сем\hashtables\hashtables\x64\debug\hashtables.tlog\link.command.1.tlog
e:\2sem\оаип\второй сем\hashtables\hashtables\x64\debug\hashtables.tlog\link.read.1.tlog
e:\2sem\оаип\второй сем\hashtables\hashtables\x64\debug\hashtables.tlog\link.read.2.tlog
e:\2sem\оаип\второй сем\hashtables\hashtables\x64\debug\hashtables.tlog\link.secondary.1.tlog
e:\2sem\оаип\второй сем\hashtables\hashtables\x64\debug\hashtables.tlog\link.write.1.tlog
