Сборка начата 12.04.2024 19:31:31.
Уровень детализации журнала: Normal.     1>Проект "E:\2sem\ОАиП\ВТОРОЙ СЕМ\BinaryHeap\BinaryHeap\BinaryHeap.vcxproj" в узле 2 (целевые объекты Build).
     1>PrepareForBuild:
         Структурированный вывод включен. Форматирование диагностики компилятора будет отражать иерархию ошибок. Подробнее см. https://aka.ms/cpp/structured-output.
       InitializeBuildStatus:
         Создание "x64\Debug\BinaryHeap.tlog\unsuccessfulbuild", так как было задано "AlwaysCreate".
         Обращение к "x64\Debug\BinaryHeap.tlog\unsuccessfulbuild".
       ClCompile:
         C:\Program Files\Microsoft Visual Studio\2022\Community\VC\Tools\MSVC\14.39.33519\bin\HostX64\x64\CL.exe /c /ZI /JMC /nologo /W3 /WX- /diagnostics:column /sdl /Od /D _DEBUG /D _CONSOLE /D _UNICODE /D UNICODE /Gm- /EHsc /RTC1 /MDd /GS /fp:precise /Zc:wchar_t /Zc:forScope /Zc:inline /permissive- /Fo"x64\Debug\\" /Fd"x64\Debug\vc143.pdb" /external:W3 /Gd /TP /FC /errorReport:prompt Heap.cpp main.cpp
         Heap.cpp
         main.cpp
         Создание кода...
       Link:
         C:\Program Files\Microsoft Visual Studio\2022\Community\VC\Tools\MSVC\14.39.33519\bin\HostX64\x64\link.exe /ERRORREPORT:PROMPT /OUT:"E:\2sem\ОАиП\ВТОРОЙ СЕМ\BinaryHeap\x64\Debug\BinaryHeap.exe" /INCREMENTAL /ILK:"x64\Debug\BinaryHeap.ilk" /NOLOGO kernel32.lib user32.lib gdi32.lib winspool.lib comdlg32.lib advapi32.lib shell32.lib ole32.lib oleaut32.lib uuid.lib odbc32.lib odbccp32.lib /MANIFEST /MANIFESTUAC:"level='asInvoker' uiAccess='false'" /manifest:embed /DEBUG /PDB:"E:\2sem\ОАиП\ВТОРОЙ СЕМ\BinaryHeap\x64\Debug\BinaryHeap.pdb" /SUBSYSTEM:CONSOLE /TLBID:1 /DYNAMICBASE /NXCOMPAT /IMPLIB:"E:\2sem\ОАиП\ВТОРОЙ СЕМ\BinaryHeap\x64\Debug\BinaryHeap.lib" /MACHINE:X64 x64\Debug\Heap.obj
         x64\Debug\main.obj
         BinaryHeap.vcxproj -> E:\2sem\ОАиП\ВТОРОЙ СЕМ\BinaryHeap\x64\Debug\BinaryHeap.exe
       FinalizeBuildStatus:
         Файл "x64\Debug\BinaryHeap.tlog\unsuccessfulbuild" удаляется.
         Обращение к "x64\Debug\BinaryHeap.tlog\BinaryHeap.lastbuildstate".
     1>Сборка проекта "E:\2sem\ОАиП\ВТОРОЙ СЕМ\BinaryHeap\BinaryHeap\BinaryHeap.vcxproj" завершена (целевые объекты Build).

Сборка успешно завершена.
    Предупреждений: 0
    Ошибок: 0

Прошло времени 00:00:01.51
